<?xml version="1.0" encoding="UTF-8"?>
<!-- Generated by org.testng.reporters.JUnitXMLReporter -->
<testsuite ignored="0" hostname="DESKTOP-39EDHQ3" failures="1" tests="5" name="Test" time="105.007" errors="0" timestamp="2026-02-22T14:49:37 IST">
  <testcase classname="testCases.TC0003_LoginDDT" name="verify_LoginDTT" time="2.828"/>
  <testcase classname="testCases.TC0003_LoginDDT" name="verify_LoginDTT" time="11.983"/>
  <testcase classname="testCases.TC0003_LoginDDT" name="verify_LoginDTT" time="6.993">
    <failure type="java.lang.AssertionError" message="expected [true] but found [false]">
      <![CDATA[java.lang.AssertionError: expected [true] but found [false]
at testCases.TC0003_LoginDDT.verify_LoginDTT(TC0003_LoginDDT.java:70)
at java.base/java.util.ArrayList.forEach(ArrayList.java:1596)
... Removed 29 stack frames]]>
    </failure>
  </testcase> <!-- verify_LoginDTT -->
  <testcase classname="testCases.TC0003_LoginDDT" name="verify_LoginDTT" time="12.462"/>
  <testcase classname="testCases.TC0003_LoginDDT" name="verify_LoginDTT" time="11.981"/>
</testsuite> <!-- Test -->
