<?xml version="1.0" encoding="UTF-8"?>
<!-- Generated by org.testng.reporters.JUnitXMLReporter -->
<testsuite ignored="0" hostname="DESKTOP-39EDHQ3" failures="1" tests="1" name="Test" time="14.629" errors="0" timestamp="2026-02-08T13:46:07 IST">
  <testcase classname="testCases.TC0002_LoginTest" name="verify_Login" time="0.715">
    <failure type="java.lang.AssertionError" message="null">
      <![CDATA[java.lang.AssertionError: null
at testCases.TC0002_LoginTest.verify_Login(TC0002_LoginTest.java:41)
at java.base/java.util.ArrayList.forEach(ArrayList.java:1596)
... Removed 27 stack frames]]>
    </failure>
  </testcase> <!-- verify_Login -->
</testsuite> <!-- Test -->
