<?xml version="1.0" encoding="UTF-8"?>
<testng-results ignored="0" total="2" passed="2" failed="0" skipped="0">
  <reporter-output>
  </reporter-output>
  <suite started-at="2026-02-14T12:08:00 IST" name="Master Suite" finished-at="2026-02-14T12:08:18 IST" duration-ms="18306">
    <groups>
      <group name="Master">
        <method signature="TC0001_Acc_RegistrationTest.verify_Account_Registration()[pri:0, instance:testCases.TC0001_Acc_RegistrationTest@4550bb58]" name="verify_Account_Registration" class="testCases.TC0001_Acc_RegistrationTest"/>
        <method signature="TC0002_LoginTest.verify_Login()[pri:0, instance:testCases.TC0002_LoginTest@4efbca5a]" name="verify_Login" class="testCases.TC0002_LoginTest"/>
      </group> <!-- Master -->
      <group name="Sanity">
        <method signature="TC0002_LoginTest.verify_Login()[pri:0, instance:testCases.TC0002_LoginTest@4efbca5a]" name="verify_Login" class="testCases.TC0002_LoginTest"/>
      </group> <!-- Sanity -->
      <group name="Regression">
        <method signature="TC0001_Acc_RegistrationTest.verify_Account_Registration()[pri:0, instance:testCases.TC0001_Acc_RegistrationTest@4550bb58]" name="verify_Account_Registration" class="testCases.TC0001_Acc_RegistrationTest"/>
      </group> <!-- Regression -->
    </groups>
    <test started-at="2026-02-14T12:08:00 IST" name="Test" finished-at="2026-02-14T12:08:18 IST" duration-ms="18306">
      <class name="testCases.TC0001_Acc_RegistrationTest">
        <test-method is-config="true" signature="setup(java.lang.String,java.lang.String)[pri:0, instance:testCases.TC0001_Acc_RegistrationTest@4550bb58]" started-at="2026-02-14T12:08:00 IST" name="setup" finished-at="2026-02-14T12:08:06 IST" duration-ms="6761" status="PASS">
          <params>
            <param index="0">
              <value>
                <![CDATA[Windows]]>
              </value>
            </param>
            <param index="1">
              <value>
                <![CDATA[chrome]]>
              </value>
            </param>
          </params>
          <reporter-output>
          </reporter-output>
        </test-method> <!-- setup -->
        <test-method signature="verify_Account_Registration()[pri:0, instance:testCases.TC0001_Acc_RegistrationTest@4550bb58]" started-at="2026-02-14T12:08:06 IST" name="verify_Account_Registration" finished-at="2026-02-14T12:08:10 IST" duration-ms="3321" status="PASS">
          <reporter-output>
          </reporter-output>
        </test-method> <!-- verify_Account_Registration -->
        <test-method is-config="true" signature="tearDown()[pri:0, instance:testCases.TC0001_Acc_RegistrationTest@4550bb58]" started-at="2026-02-14T12:08:10 IST" name="tearDown" finished-at="2026-02-14T12:08:10 IST" duration-ms="174" status="PASS">
          <reporter-output>
          </reporter-output>
        </test-method> <!-- tearDown -->
      </class> <!-- testCases.TC0001_Acc_RegistrationTest -->
      <class name="testCases.TC0002_LoginTest">
        <test-method is-config="true" signature="setup(java.lang.String,java.lang.String)[pri:0, instance:testCases.TC0002_LoginTest@4efbca5a]" started-at="2026-02-14T12:08:10 IST" name="setup" finished-at="2026-02-14T12:08:15 IST" duration-ms="5509" status="PASS">
          <params>
            <param index="0">
              <value>
                <![CDATA[Windows]]>
              </value>
            </param>
            <param index="1">
              <value>
                <![CDATA[chrome]]>
              </value>
            </param>
          </params>
          <reporter-output>
          </reporter-output>
        </test-method> <!-- setup -->
        <test-method signature="verify_Login()[pri:0, instance:testCases.TC0002_LoginTest@4efbca5a]" started-at="2026-02-14T12:08:15 IST" name="verify_Login" finished-at="2026-02-14T12:08:18 IST" duration-ms="2172" status="PASS">
          <reporter-output>
          </reporter-output>
        </test-method> <!-- verify_Login -->
        <test-method is-config="true" signature="tearDown()[pri:0, instance:testCases.TC0002_LoginTest@4efbca5a]" started-at="2026-02-14T12:08:18 IST" name="tearDown" finished-at="2026-02-14T12:08:18 IST" duration-ms="161" status="PASS">
          <reporter-output>
          </reporter-output>
        </test-method> <!-- tearDown -->
      </class> <!-- testCases.TC0002_LoginTest -->
    </test> <!-- Test -->
  </suite> <!-- Master Suite -->
</testng-results>
