<?xml version="1.0" encoding="UTF-8"?>
<testng-results ignored="0" total="4" passed="4" failed="0" skipped="0">
  <reporter-output>
  </reporter-output>
  <suite started-at="2026-02-13T23:19:31 IST" name="Suite" finished-at="2026-02-13T23:20:30 IST" duration-ms="58891">
    <groups>
      <group name="Master">
        <method signature="TC0001_Acc_RegistrationTest.verify_Account_Registration()[pri:0, instance:testCases.TC0001_Acc_RegistrationTest@7c6908d7]" name="verify_Account_Registration" class="testCases.TC0001_Acc_RegistrationTest"/>
        <method signature="TC0002_LoginTest.verify_Login()[pri:0, instance:testCases.TC0002_LoginTest@4e08711f]" name="verify_Login" class="testCases.TC0002_LoginTest"/>
        <method signature="TC0001_Acc_RegistrationTest.verify_Account_Registration()[pri:0, instance:testCases.TC0001_Acc_RegistrationTest@79d8407f]" name="verify_Account_Registration" class="testCases.TC0001_Acc_RegistrationTest"/>
        <method signature="TC0002_LoginTest.verify_Login()[pri:0, instance:testCases.TC0002_LoginTest@5fbe4146]" name="verify_Login" class="testCases.TC0002_LoginTest"/>
      </group> <!-- Master -->
      <group name="Sanity">
        <method signature="TC0002_LoginTest.verify_Login()[pri:0, instance:testCases.TC0002_LoginTest@4e08711f]" name="verify_Login" class="testCases.TC0002_LoginTest"/>
        <method signature="TC0002_LoginTest.verify_Login()[pri:0, instance:testCases.TC0002_LoginTest@5fbe4146]" name="verify_Login" class="testCases.TC0002_LoginTest"/>
      </group> <!-- Sanity -->
      <group name="Regression">
        <method signature="TC0001_Acc_RegistrationTest.verify_Account_Registration()[pri:0, instance:testCases.TC0001_Acc_RegistrationTest@7c6908d7]" name="verify_Account_Registration" class="testCases.TC0001_Acc_RegistrationTest"/>
        <method signature="TC0001_Acc_RegistrationTest.verify_Account_Registration()[pri:0, instance:testCases.TC0001_Acc_RegistrationTest@79d8407f]" name="verify_Account_Registration" class="testCases.TC0001_Acc_RegistrationTest"/>
      </group> <!-- Regression -->
    </groups>
    <test started-at="2026-02-13T23:19:31 IST" name="linux-chrome" finished-at="2026-02-13T23:19:52 IST" duration-ms="21612">
      <class name="testCases.TC0001_Acc_RegistrationTest">
        <test-method is-config="true" signature="setup(java.lang.String,java.lang.String)[pri:0, instance:testCases.TC0001_Acc_RegistrationTest@7c6908d7]" started-at="2026-02-13T23:19:31 IST" name="setup" finished-at="2026-02-13T23:19:38 IST" duration-ms="7227" status="PASS">
          <params>
            <param index="0">
              <value>
                <![CDATA[linux]]>
              </value>
            </param>
            <param index="1">
              <value>
                <![CDATA[chrome]]>
              </value>
            </param>
          </params>
          <reporter-output>
          </reporter-output>
        </test-method> <!-- setup -->
        <test-method signature="verify_Account_Registration()[pri:0, instance:testCases.TC0001_Acc_RegistrationTest@7c6908d7]" started-at="2026-02-13T23:19:38 IST" name="verify_Account_Registration" finished-at="2026-02-13T23:19:43 IST" duration-ms="4471" status="PASS">
          <reporter-output>
          </reporter-output>
        </test-method> <!-- verify_Account_Registration -->
        <test-method is-config="true" signature="tearDown()[pri:0, instance:testCases.TC0001_Acc_RegistrationTest@7c6908d7]" started-at="2026-02-13T23:19:43 IST" name="tearDown" finished-at="2026-02-13T23:19:43 IST" duration-ms="91" status="PASS">
          <reporter-output>
          </reporter-output>
        </test-method> <!-- tearDown -->
      </class> <!-- testCases.TC0001_Acc_RegistrationTest -->
      <class name="testCases.TC0002_LoginTest">
        <test-method is-config="true" signature="setup(java.lang.String,java.lang.String)[pri:0, instance:testCases.TC0002_LoginTest@4e08711f]" started-at="2026-02-13T23:19:43 IST" name="setup" finished-at="2026-02-13T23:19:49 IST" duration-ms="6079" status="PASS">
          <params>
            <param index="0">
              <value>
                <![CDATA[linux]]>
              </value>
            </param>
            <param index="1">
              <value>
                <![CDATA[chrome]]>
              </value>
            </param>
          </params>
          <reporter-output>
          </reporter-output>
        </test-method> <!-- setup -->
        <test-method signature="verify_Login()[pri:0, instance:testCases.TC0002_LoginTest@4e08711f]" started-at="2026-02-13T23:19:49 IST" name="verify_Login" finished-at="2026-02-13T23:19:52 IST" duration-ms="3332" status="PASS">
          <reporter-output>
          </reporter-output>
        </test-method> <!-- verify_Login -->
        <test-method is-config="true" signature="tearDown()[pri:0, instance:testCases.TC0002_LoginTest@4e08711f]" started-at="2026-02-13T23:19:52 IST" name="tearDown" finished-at="2026-02-13T23:19:52 IST" duration-ms="86" status="PASS">
          <reporter-output>
          </reporter-output>
        </test-method> <!-- tearDown -->
      </class> <!-- testCases.TC0002_LoginTest -->
    </test> <!-- linux-chrome -->
    <test started-at="2026-02-13T23:19:54 IST" name="linux-edge" finished-at="2026-02-13T23:20:30 IST" duration-ms="35384">
      <class name="testCases.TC0001_Acc_RegistrationTest">
        <test-method is-config="true" signature="setup(java.lang.String,java.lang.String)[pri:0, instance:testCases.TC0001_Acc_RegistrationTest@79d8407f]" started-at="2026-02-13T23:19:54 IST" name="setup" finished-at="2026-02-13T23:20:04 IST" duration-ms="9791" status="PASS">
          <params>
            <param index="0">
              <value>
                <![CDATA[linux]]>
              </value>
            </param>
            <param index="1">
              <value>
                <![CDATA[edge]]>
              </value>
            </param>
          </params>
          <reporter-output>
          </reporter-output>
        </test-method> <!-- setup -->
        <test-method signature="verify_Account_Registration()[pri:0, instance:testCases.TC0001_Acc_RegistrationTest@79d8407f]" started-at="2026-02-13T23:20:04 IST" name="verify_Account_Registration" finished-at="2026-02-13T23:20:11 IST" duration-ms="7394" status="PASS">
          <reporter-output>
          </reporter-output>
        </test-method> <!-- verify_Account_Registration -->
        <test-method is-config="true" signature="tearDown()[pri:0, instance:testCases.TC0001_Acc_RegistrationTest@79d8407f]" started-at="2026-02-13T23:20:11 IST" name="tearDown" finished-at="2026-02-13T23:20:12 IST" duration-ms="93" status="PASS">
          <reporter-output>
          </reporter-output>
        </test-method> <!-- tearDown -->
      </class> <!-- testCases.TC0001_Acc_RegistrationTest -->
      <class name="testCases.TC0002_LoginTest">
        <test-method is-config="true" signature="setup(java.lang.String,java.lang.String)[pri:0, instance:testCases.TC0002_LoginTest@5fbe4146]" started-at="2026-02-13T23:20:12 IST" name="setup" finished-at="2026-02-13T23:20:27 IST" duration-ms="15021" status="PASS">
          <params>
            <param index="0">
              <value>
                <![CDATA[linux]]>
              </value>
            </param>
            <param index="1">
              <value>
                <![CDATA[edge]]>
              </value>
            </param>
          </params>
          <reporter-output>
          </reporter-output>
        </test-method> <!-- setup -->
        <test-method signature="verify_Login()[pri:0, instance:testCases.TC0002_LoginTest@5fbe4146]" started-at="2026-02-13T23:20:27 IST" name="verify_Login" finished-at="2026-02-13T23:20:30 IST" duration-ms="2986" status="PASS">
          <reporter-output>
          </reporter-output>
        </test-method> <!-- verify_Login -->
        <test-method is-config="true" signature="tearDown()[pri:0, instance:testCases.TC0002_LoginTest@5fbe4146]" started-at="2026-02-13T23:20:30 IST" name="tearDown" finished-at="2026-02-13T23:20:30 IST" duration-ms="88" status="PASS">
          <reporter-output>
          </reporter-output>
        </test-method> <!-- tearDown -->
      </class> <!-- testCases.TC0002_LoginTest -->
    </test> <!-- linux-edge -->
  </suite> <!-- Suite -->
</testng-results>
