<?xml version="1.0" encoding="UTF-8"?>
<!-- Generated by org.testng.reporters.JUnitReportReporter -->
<testsuite hostname="DESKTOP-39EDHQ3" failures="0" tests="2" name="testCases.TC0001_Acc_RegistrationTest" time="11.865" errors="0" timestamp="2026-02-13T23:20:31 IST" skipped="0">
  <testcase classname="testCases.TC0001_Acc_RegistrationTest" name="verify_Account_Registration" time="4.471"/>
  <testcase classname="testCases.TC0001_Acc_RegistrationTest" name="verify_Account_Registration" time="7.394"/>
</testsuite> <!-- testCases.TC0001_Acc_RegistrationTest -->
